Time resolution is 1 ps
Note: [trigger_controller] pattern parameter set
Time: 60 ns  Iteration: 1  Process: /top_level_tb/uut/trigger_controller/line__109  File: C:/Users/thoma/OneDrive/Desktop/logic-analyzer/logic-analyzer.srcs/sources_1/new/trigger_controller.vhd
Note: [input_handler] reading channel 1
Time: 170 ns  Iteration: 1  Process: /top_level_tb/uut/input_handler/line__33  File: C:/Users/thoma/OneDrive/Desktop/logic-analyzer/logic-analyzer.srcs/sources_1/new/input_handler.vhd
Note: [input_handler] reading channel 1
Time: 180 ns  Iteration: 1  Process: /top_level_tb/uut/input_handler/line__33  File: C:/Users/thoma/OneDrive/Desktop/logic-analyzer/logic-analyzer.srcs/sources_1/new/input_handler.vhd
Note: [input_handler] reading channel 1
Time: 190 ns  Iteration: 1  Process: /top_level_tb/uut/input_handler/line__33  File: C:/Users/thoma/OneDrive/Desktop/logic-analyzer/logic-analyzer.srcs/sources_1/new/input_handler.vhd
Note: [input_handler] reading channel 1
Time: 200 ns  Iteration: 1  Process: /top_level_tb/uut/input_handler/line__33  File: C:/Users/thoma/OneDrive/Desktop/logic-analyzer/logic-analyzer.srcs/sources_1/new/input_handler.vhd
Note: [input_handler] reading channel 1
Time: 210 ns  Iteration: 1  Process: /top_level_tb/uut/input_handler/line__33  File: C:/Users/thoma/OneDrive/Desktop/logic-analyzer/logic-analyzer.srcs/sources_1/new/input_handler.vhd
Note: [input_handler] reading channel 1
Time: 220 ns  Iteration: 1  Process: /top_level_tb/uut/input_handler/line__33  File: C:/Users/thoma/OneDrive/Desktop/logic-analyzer/logic-analyzer.srcs/sources_1/new/input_handler.vhd
Note: [input_handler] reading channel 1
Time: 230 ns  Iteration: 1  Process: /top_level_tb/uut/input_handler/line__33  File: C:/Users/thoma/OneDrive/Desktop/logic-analyzer/logic-analyzer.srcs/sources_1/new/input_handler.vhd
Note: [input_handler] reading channel 1
Time: 240 ns  Iteration: 1  Process: /top_level_tb/uut/input_handler/line__33  File: C:/Users/thoma/OneDrive/Desktop/logic-analyzer/logic-analyzer.srcs/sources_1/new/input_handler.vhd
Note: [input_handler] reading channel 1
Time: 250 ns  Iteration: 1  Process: /top_level_tb/uut/input_handler/line__33  File: C:/Users/thoma/OneDrive/Desktop/logic-analyzer/logic-analyzer.srcs/sources_1/new/input_handler.vhd
Note: [input_handler] reading channel 1
Time: 260 ns  Iteration: 1  Process: /top_level_tb/uut/input_handler/line__33  File: C:/Users/thoma/OneDrive/Desktop/logic-analyzer/logic-analyzer.srcs/sources_1/new/input_handler.vhd
Note: [input_handler] reading channel 1
Time: 270 ns  Iteration: 1  Process: /top_level_tb/uut/input_handler/line__33  File: C:/Users/thoma/OneDrive/Desktop/logic-analyzer/logic-analyzer.srcs/sources_1/new/input_handler.vhd
Note: [input_handler] reading channel 1
Time: 280 ns  Iteration: 1  Process: /top_level_tb/uut/input_handler/line__33  File: C:/Users/thoma/OneDrive/Desktop/logic-analyzer/logic-analyzer.srcs/sources_1/new/input_handler.vhd
Note: [input_handler] reading channel 1
Time: 290 ns  Iteration: 1  Process: /top_level_tb/uut/input_handler/line__33  File: C:/Users/thoma/OneDrive/Desktop/logic-analyzer/logic-analyzer.srcs/sources_1/new/input_handler.vhd
Note: [input_handler] reading channel 1
Time: 300 ns  Iteration: 1  Process: /top_level_tb/uut/input_handler/line__33  File: C:/Users/thoma/OneDrive/Desktop/logic-analyzer/logic-analyzer.srcs/sources_1/new/input_handler.vhd
Note: [input_handler] reading channel 1
Time: 310 ns  Iteration: 1  Process: /top_level_tb/uut/input_handler/line__33  File: C:/Users/thoma/OneDrive/Desktop/logic-analyzer/logic-analyzer.srcs/sources_1/new/input_handler.vhd
Note: Simulation finished
Time: 320 ns  Iteration: 0  Process: /top_level_tb/stim_proc  File: C:/Users/thoma/OneDrive/Desktop/logic-analyzer/logic-analyzer.srcs/sim_1/top_level_tb.vhd
Note: [input_handler] reading channel 1
Time: 320 ns  Iteration: 1  Process: /top_level_tb/uut/input_handler/line__33  File: C:/Users/thoma/OneDrive/Desktop/logic-analyzer/logic-analyzer.srcs/sources_1/new/input_handler.vhd
Note: [input_handler] reading channel 1
Time: 330 ns  Iterati